<?xml version="1.0" ?>
<testsuites disabled="0" errors="1" failures="0" tests="2" time="124.06159130000015">
	<testsuite disabled="0" errors="1" failures="0" name="schemathesis" skipped="0" tests="2" time="124.06159130000015" hostname="59c9f050e2d1">
		<testcase name="DELETE /api/v1/groups/user/delete" time="6.471124"/>
		<testcase name="POST /api/v1/textblob/spellcheck" time="117.590467">
			<error type="error" message="DeadlineExceeded: API response time is too slow! It took 19005.70ms, which exceeds the deadline of 15000.00ms.

">DeadlineExceeded: API response time is too slow! It took 19005.70ms, which exceeds the deadline of 15000.00ms.

</error>
		</testcase>
	</testsuite>
</testsuites>
