<?xml version="1.0" ?>
<testsuites disabled="0" errors="0" failures="1" tests="3" time="67.17162809999991">
	<testsuite disabled="0" errors="0" failures="1" name="schemathesis" skipped="0" tests="3" time="67.17162809999991" hostname="026a8c118344">
		<testcase name="DELETE /api/v1/groups/user/delete" time="5.625903"/>
		<testcase name="DELETE /api/v1/todo/{todo_id}" time="0.994508"/>
		<testcase name="POST /api/v1/textblob/sentiment" time="60.551216">
			<failure type="failure" message="1. Response timed out after 21000.00ms"/>
		</testcase>
	</testsuite>
</testsuites>
